This is pdfTeX, Version 3.141592653-2.6-1.40.24 (MiKTeX 22.10) (preloaded format=pdflatex 2022.11.17)  25 NOV 2022 20:37
entering extended mode
 restricted \write18 enabled.
 %&-line parsing enabled.
**big_example.texW_3.t
(C:\Users\Owner\AppData\Local\Programs\MiKTeX\tex/latex/tools\q.tex
LaTeX2e <2022-11-01>
L3 programming layer <2022-11-02> File ignored
)
! Emergency stop.
<*> big_example.texW_3.t
                        
*** (job aborted, no legal \end found)

 
Here is how much of TeX's memory you used:
 20 strings out of 475285
 513 string characters out of 2774119
 341640 words of memory out of 3000000
 21599 multiletter control sequences out of 15000+600000
 469259 words of font info for 28 fonts, out of 8000000 for 9000
 1141 hyphenation exceptions out of 8191
 13i,0n,12p,100b,10s stack positions out of 10000i,1000n,20000p,200000b,80000s
!  ==> Fatal error occurred, no output PDF file produced!
